# JRE version: OpenJDK Runtime Environment (22.0.2+9) (build 22.0.2+9-70)
# Java VM: OpenJDK 64-Bit Server VM (22.0.2+9-70, mixed mode, sharing, tiered, compressed oops, compressed class ptrs, g1 gc, windows-amd64)
GC Precious Log:
 CardTable entry size: 512
 Card Set container configuration: InlinePtr #cards 5 size 8 Array Of Cards #cards 12 size 40 Howl #buckets 4 coarsen threshold 1843 Howl Bitmap #cards 512 size 80 coarsen threshold 460 Card regions per heap region 1 cards per card region 2048
 CPUs: 4 total, 4 available
 Memory: 3933M
 Large Page Support: Disabled
 NUMA Support: Disabled
 Compressed Oops: Enabled (32-bit)
 Heap Region Size: 1M
 Heap Min Capacity: 8M
 Heap Initial Capacity: 62M
 Heap Max Capacity: 984M
 Pre-touch: Disabled
 Parallel Workers: 4
 Concurrent Workers: 1
 Concurrent Refinement Workers: 4
 Periodic GC: Disabled
Heap:
 garbage-first heap   total reserved 1007616K, committed 51200K, used 44589K [0x00000000c2800000, 0x0000000100000000)
  region size 1024K, 18 young (18432K), 2 survivors (2048K)
 Metaspace       used 64020K, committed 64768K, reserved 1114112K
  class space    used 8897K, committed 9216K, reserved 1048576K
GC Heap History (20 events):
Event: 9.696 GC heap after
{Heap after GC invocations=7 (full 0):
 garbage-first heap   total reserved 1007616K, committed 51200K, used 16642K [0x00000000c2800000, 0x0000000100000000)
  region size 1024K, 3 young (3072K), 3 survivors (3072K)
 Metaspace       used 25472K, committed 25856K, reserved 1114112K
  class space    used 3169K, committed 3328K, reserved 1048576K
}
Event: 11.188 GC heap before
{Heap before GC invocations=7 (full 0):
 garbage-first heap   total reserved 1007616K, committed 51200K, used 41218K [0x00000000c2800000, 0x0000000100000000)
  region size 1024K, 27 young (27648K), 3 survivors (3072K)
 Metaspace       used 29837K, committed 30400K, reserved 1114112K
  class space    used 3788K, committed 4032K, reserved 1048576K
}
Event: 11.198 GC heap after
{Heap after GC invocations=8 (full 0):
 garbage-first heap   total reserved 1007616K, committed 51200K, used 19112K [0x00000000c2800000, 0x0000000100000000)
  region size 1024K, 3 young (3072K), 3 survivors (3072K)
 Metaspace       used 29837K, committed 30400K, reserved 1114112K
  class space    used 3788K, committed 4032K, reserved 1048576K
}
Event: 12.580 GC heap before
{Heap before GC invocations=8 (full 0):
 garbage-first heap   total reserved 1007616K, committed 51200K, used 40616K [0x00000000c2800000, 0x0000000100000000)
  region size 1024K, 25 young (25600K), 3 survivors (3072K)
 Metaspace       used 34201K, committed 34816K, reserved 1114112K
  class space    used 4386K, committed 4672K, reserved 1048576K
}
Event: 12.593 GC heap after
{Heap after GC invocations=9 (full 0):
 garbage-first heap   total reserved 1007616K, committed 51200K, used 20737K [0x00000000c2800000, 0x0000000100000000)
  region size 1024K, 2 young (2048K), 2 survivors (2048K)
 Metaspace       used 34201K, committed 34816K, reserved 1114112K
  class space    used 4386K, committed 4672K, reserved 1048576K
}
Event: 12.864 GC heap before
{Heap before GC invocations=9 (full 0):
 garbage-first heap   total reserved 1007616K, committed 51200K, used 24833K [0x00000000c2800000, 0x0000000100000000)
  region size 1024K, 7 young (7168K), 2 survivors (2048K)
 Metaspace       used 35409K, committed 35968K, reserved 1114112K
  class space    used 4586K, committed 4864K, reserved 1048576K
}
Event: 12.870 GC heap after
{Heap after GC invocations=10 (full 0):
 garbage-first heap   total reserved 1007616K, committed 51200K, used 20897K [0x00000000c2800000, 0x0000000100000000)
  region size 1024K, 2 young (2048K), 2 survivors (2048K)
 Metaspace       used 35409K, committed 35968K, reserved 1114112K
  class space    used 4586K, committed 4864K, reserved 1048576K
}
Event: 15.345 GC heap before
{Heap before GC invocations=11 (full 0):
 garbage-first heap   total reserved 1007616K, committed 51200K, used 44449K [0x00000000c2800000, 0x0000000100000000)
  region size 1024K, 25 young (25600K), 2 survivors (2048K)
 Metaspace       used 41921K, committed 42496K, reserved 1114112K
  class space    used 5533K, committed 5760K, reserved 1048576K
}
Event: 15.352 GC heap after
{Heap after GC invocations=12 (full 0):
 garbage-first heap   total reserved 1007616K, committed 51200K, used 22046K [0x00000000c2800000, 0x0000000100000000)
  region size 1024K, 3 young (3072K), 3 survivors (3072K)
 Metaspace       used 41921K, committed 42496K, reserved 1114112K
  class space    used 5533K, committed 5760K, reserved 1048576K
}
Event: 17.154 GC heap before
{Heap before GC invocations=12 (full 0):
 garbage-first heap   total reserved 1007616K, committed 51200K, used 43550K [0x00000000c2800000, 0x0000000100000000)
  region size 1024K, 25 young (25600K), 3 survivors (3072K)
 Metaspace       used 46929K, committed 47424K, reserved 1114112K
  class space    used 6182K, committed 6400K, reserved 1048576K
}
Event: 17.164 GC heap after
{Heap after GC invocations=13 (full 0):
 garbage-first heap   total reserved 1007616K, committed 51200K, used 23313K [0x00000000c2800000, 0x0000000100000000)
  region size 1024K, 4 young (4096K), 4 survivors (4096K)
 Metaspace       used 46929K, committed 47424K, reserved 1114112K
  class space    used 6182K, committed 6400K, reserved 1048576K
}
Event: 18.664 GC heap before
{Heap before GC invocations=13 (full 0):
 garbage-first heap   total reserved 1007616K, committed 51200K, used 42769K [0x00000000c2800000, 0x0000000100000000)
  region size 1024K, 23 young (23552K), 4 survivors (4096K)
 Metaspace       used 52728K, committed 53312K, reserved 1114112K
  class space    used 7188K, committed 7424K, reserved 1048576K
}
Event: 18.674 GC heap after
{Heap after GC invocations=14 (full 0):
 garbage-first heap   total reserved 1007616K, committed 51200K, used 24131K [0x00000000c2800000, 0x0000000100000000)
  region size 1024K, 3 young (3072K), 3 survivors (3072K)
 Metaspace       used 52728K, committed 53312K, reserved 1114112K
  class space    used 7188K, committed 7424K, reserved 1048576K
}
Event: 20.886 GC heap before
{Heap before GC invocations=14 (full 0):
 garbage-first heap   total reserved 1007616K, committed 51200K, used 42563K [0x00000000c2800000, 0x0000000100000000)
  region size 1024K, 22 young (22528K), 3 survivors (3072K)
 Metaspace       used 57166K, committed 57792K, reserved 1114112K
  class space    used 7863K, committed 8128K, reserved 1048576K
}
Event: 20.898 GC heap after
{Heap after GC invocations=15 (full 0):
 garbage-first heap   total reserved 1007616K, committed 51200K, used 25171K [0x00000000c2800000, 0x0000000100000000)
  region size 1024K, 2 young (2048K), 2 survivors (2048K)
 Metaspace       used 57166K, committed 57792K, reserved 1114112K
  class space    used 7863K, committed 8128K, reserved 1048576K
}
Event: 21.810 GC heap before
{Heap before GC invocations=15 (full 0):
 garbage-first heap   total reserved 1007616K, committed 51200K, used 37459K [0x00000000c2800000, 0x0000000100000000)
  region size 1024K, 15 young (15360K), 2 survivors (2048K)
 Metaspace       used 59593K, committed 60288K, reserved 1114112K
  class space    used 8156K, committed 8448K, reserved 1048576K
}
Event: 21.816 GC heap after
{Heap after GC invocations=16 (full 0):
 garbage-first heap   total reserved 1007616K, committed 51200K, used 26743K [0x00000000c2800000, 0x0000000100000000)
  region size 1024K, 3 young (3072K), 3 survivors (3072K)
 Metaspace       used 59593K, committed 60288K, reserved 1114112K
  class space    used 8156K, committed 8448K, reserved 1048576K
}
Event: 23.194 GC heap before
{Heap before GC invocations=17 (full 0):
 garbage-first heap   total reserved 1007616K, committed 51200K, used 44151K [0x00000000c2800000, 0x0000000100000000)
  region size 1024K, 20 young (20480K), 3 survivors (3072K)
 Metaspace       used 62024K, committed 62784K, reserved 1114112K
  class space    used 8604K, committed 8960K, reserved 1048576K
}
Event: 23.206 GC heap after
{Heap after GC invocations=18 (full 0):
 garbage-first heap   total reserved 1007616K, committed 51200K, used 28205K [0x00000000c2800000, 0x0000000100000000)
  region size 1024K, 3 young (3072K), 3 survivors (3072K)
 Metaspace       used 62024K, committed 62784K, reserved 1114112K
  class space    used 8604K, committed 8960K, reserved 1048576K
}
Event: 24.175 GC heap before
{Heap before GC invocations=18 (full 0):
 garbage-first heap   total reserved 1007616K, committed 51200K, used 44589K [0x00000000c2800000, 0x0000000100000000)
  region size 1024K, 19 young (19456K), 3 survivors (3072K)
 Metaspace       used 64020K, committed 64768K, reserved 1114112K
  class space    used 8897K, committed 9216K, reserved 1048576K
}

