# JRE version: OpenJDK Runtime Environment (22.0.2+9) (build 22.0.2+9-70)
# Java VM: OpenJDK 64-Bit Server VM (22.0.2+9-70, mixed mode, sharing, tiered, compressed oops, compressed class ptrs, g1 gc, windows-amd64)
GC Precious Log:
 CardTable entry size: 512
 Card Set container configuration: InlinePtr #cards 5 size 8 Array Of Cards #cards 12 size 40 Howl #buckets 4 coarsen threshold 1843 Howl Bitmap #cards 512 size 80 coarsen threshold 460 Card regions per heap region 1 cards per card region 2048
 CPUs: 4 total, 4 available
 Memory: 3933M
 Large Page Support: Disabled
 NUMA Support: Disabled
 Compressed Oops: Enabled (32-bit)
 Heap Region Size: 1M
 Heap Min Capacity: 8M
 Heap Initial Capacity: 62M
 Heap Max Capacity: 984M
 Pre-touch: Disabled
 Parallel Workers: 4
 Concurrent Workers: 1
 Concurrent Refinement Workers: 4
 Periodic GC: Disabled
Heap:
 garbage-first heap   total reserved 1007616K, committed 55296K, used 41072K [0x00000000c2800000, 0x0000000100000000)
  region size 1024K, 10 young (10240K), 2 survivors (2048K)
 Metaspace       used 69542K, committed 70336K, reserved 1114112K
  class space    used 9590K, committed 9984K, reserved 1048576K
GC Heap History (20 events):
Event: 16.159 GC heap before
{Heap before GC invocations=9 (full 0):
 garbage-first heap   total reserved 1007616K, committed 51200K, used 24856K [0x00000000c2800000, 0x0000000100000000)
  region size 1024K, 7 young (7168K), 2 survivors (2048K)
 Metaspace       used 35373K, committed 35968K, reserved 1114112K
  class space    used 4576K, committed 4864K, reserved 1048576K
}
Event: 16.164 GC heap after
{Heap after GC invocations=10 (full 0):
 garbage-first heap   total reserved 1007616K, committed 51200K, used 20884K [0x00000000c2800000, 0x0000000100000000)
  region size 1024K, 2 young (2048K), 2 survivors (2048K)
 Metaspace       used 35373K, committed 35968K, reserved 1114112K
  class space    used 4576K, committed 4864K, reserved 1048576K
}
Event: 18.804 GC heap before
{Heap before GC invocations=11 (full 0):
 garbage-first heap   total reserved 1007616K, committed 51200K, used 42388K [0x00000000c2800000, 0x0000000100000000)
  region size 1024K, 24 young (24576K), 2 survivors (2048K)
 Metaspace       used 41708K, committed 42304K, reserved 1114112K
  class space    used 5498K, committed 5760K, reserved 1048576K
}
Event: 18.813 GC heap after
{Heap after GC invocations=12 (full 0):
 garbage-first heap   total reserved 1007616K, committed 51200K, used 22128K [0x00000000c2800000, 0x0000000100000000)
  region size 1024K, 2 young (2048K), 2 survivors (2048K)
 Metaspace       used 41708K, committed 42304K, reserved 1114112K
  class space    used 5498K, committed 5760K, reserved 1048576K
}
Event: 19.877 GC heap before
{Heap before GC invocations=12 (full 0):
 garbage-first heap   total reserved 1007616K, committed 51200K, used 43632K [0x00000000c2800000, 0x0000000100000000)
  region size 1024K, 23 young (23552K), 2 survivors (2048K)
 Metaspace       used 46451K, committed 47040K, reserved 1114112K
  class space    used 6144K, committed 6400K, reserved 1048576K
}
Event: 19.888 GC heap after
{Heap after GC invocations=13 (full 0):
 garbage-first heap   total reserved 1007616K, committed 51200K, used 23307K [0x00000000c2800000, 0x0000000100000000)
  region size 1024K, 3 young (3072K), 3 survivors (3072K)
 Metaspace       used 46451K, committed 47040K, reserved 1114112K
  class space    used 6144K, committed 6400K, reserved 1048576K
}
Event: 20.932 GC heap before
{Heap before GC invocations=13 (full 0):
 garbage-first heap   total reserved 1007616K, committed 51200K, used 43787K [0x00000000c2800000, 0x0000000100000000)
  region size 1024K, 24 young (24576K), 3 survivors (3072K)
 Metaspace       used 52845K, committed 53440K, reserved 1114112K
  class space    used 7198K, committed 7424K, reserved 1048576K
}
Event: 20.939 GC heap after
{Heap after GC invocations=14 (full 0):
 garbage-first heap   total reserved 1007616K, committed 51200K, used 24360K [0x00000000c2800000, 0x0000000100000000)
  region size 1024K, 3 young (3072K), 3 survivors (3072K)
 Metaspace       used 52845K, committed 53440K, reserved 1114112K
  class space    used 7198K, committed 7424K, reserved 1048576K
}
Event: 22.084 GC heap before
{Heap before GC invocations=14 (full 0):
 garbage-first heap   total reserved 1007616K, committed 51200K, used 42792K [0x00000000c2800000, 0x0000000100000000)
  region size 1024K, 22 young (22528K), 3 survivors (3072K)
 Metaspace       used 57188K, committed 57856K, reserved 1114112K
  class space    used 7862K, committed 8128K, reserved 1048576K
}
Event: 22.090 GC heap after
{Heap after GC invocations=15 (full 0):
 garbage-first heap   total reserved 1007616K, committed 51200K, used 25636K [0x00000000c2800000, 0x0000000100000000)
  region size 1024K, 3 young (3072K), 3 survivors (3072K)
 Metaspace       used 57188K, committed 57856K, reserved 1114112K
  class space    used 7862K, committed 8128K, reserved 1048576K
}
Event: 22.529 GC heap before
{Heap before GC invocations=15 (full 0):
 garbage-first heap   total reserved 1007616K, committed 51200K, used 36900K [0x00000000c2800000, 0x0000000100000000)
  region size 1024K, 15 young (15360K), 3 survivors (3072K)
 Metaspace       used 59478K, committed 60096K, reserved 1114112K
  class space    used 8132K, committed 8384K, reserved 1048576K
}
Event: 22.536 GC heap after
{Heap after GC invocations=16 (full 0):
 garbage-first heap   total reserved 1007616K, committed 51200K, used 26798K [0x00000000c2800000, 0x0000000100000000)
  region size 1024K, 3 young (3072K), 3 survivors (3072K)
 Metaspace       used 59478K, committed 60096K, reserved 1114112K
  class space    used 8132K, committed 8384K, reserved 1048576K
}
Event: 23.356 GC heap before
{Heap before GC invocations=17 (full 0):
 garbage-first heap   total reserved 1007616K, committed 51200K, used 44206K [0x00000000c2800000, 0x0000000100000000)
  region size 1024K, 20 young (20480K), 3 survivors (3072K)
 Metaspace       used 61844K, committed 62592K, reserved 1114112K
  class space    used 8583K, committed 8896K, reserved 1048576K
}
Event: 23.364 GC heap after
{Heap after GC invocations=18 (full 0):
 garbage-first heap   total reserved 1007616K, committed 51200K, used 28522K [0x00000000c2800000, 0x0000000100000000)
  region size 1024K, 3 young (3072K), 3 survivors (3072K)
 Metaspace       used 61844K, committed 62592K, reserved 1114112K
  class space    used 8583K, committed 8896K, reserved 1048576K
}
Event: 24.167 GC heap before
{Heap before GC invocations=18 (full 0):
 garbage-first heap   total reserved 1007616K, committed 51200K, used 44906K [0x00000000c2800000, 0x0000000100000000)
  region size 1024K, 19 young (19456K), 3 survivors (3072K)
 Metaspace       used 63934K, committed 64640K, reserved 1114112K
  class space    used 8887K, committed 9216K, reserved 1048576K
}
Event: 24.181 GC heap after
{Heap after GC invocations=19 (full 0):
 garbage-first heap   total reserved 1007616K, committed 51200K, used 30267K [0x00000000c2800000, 0x0000000100000000)
  region size 1024K, 2 young (2048K), 2 survivors (2048K)
 Metaspace       used 63934K, committed 64640K, reserved 1114112K
  class space    used 8887K, committed 9216K, reserved 1048576K
}
Event: 41.759 GC heap before
{Heap before GC invocations=19 (full 0):
 garbage-first heap   total reserved 1007616K, committed 51200K, used 45627K [0x00000000c2800000, 0x0000000100000000)
  region size 1024K, 17 young (17408K), 2 survivors (2048K)
 Metaspace       used 66243K, committed 67008K, reserved 1114112K
  class space    used 9196K, committed 9536K, reserved 1048576K
}
Event: 41.766 GC heap after
{Heap after GC invocations=20 (full 0):
 garbage-first heap   total reserved 1007616K, committed 51200K, used 31961K [0x00000000c2800000, 0x0000000100000000)
  region size 1024K, 2 young (2048K), 2 survivors (2048K)
 Metaspace       used 66243K, committed 67008K, reserved 1114112K
  class space    used 9196K, committed 9536K, reserved 1048576K
}
Event: 43.065 GC heap before
{Heap before GC invocations=21 (full 0):
 garbage-first heap   total reserved 1007616K, committed 55296K, used 43225K [0x00000000c2800000, 0x0000000100000000)
  region size 1024K, 14 young (14336K), 2 survivors (2048K)
 Metaspace       used 69035K, committed 69888K, reserved 1114112K
  class space    used 9587K, committed 9984K, reserved 1048576K
}
Event: 43.072 GC heap after
{Heap after GC invocations=22 (full 0):
 garbage-first heap   total reserved 1007616K, committed 55296K, used 33904K [0x00000000c2800000, 0x0000000100000000)
  region size 1024K, 2 young (2048K), 2 survivors (2048K)
 Metaspace       used 69035K, committed 69888K, reserved 1114112K
  class space    used 9587K, committed 9984K, reserved 1048576K
}

